<?xml version="1.0" encoding="UTF-8"?>
<!-- Generated by org.testng.reporters.JUnitReportReporter -->
<testsuite hostname="LAPTOP-FKDPNV7C" failures="0" tests="4" name="com.facebook.qa.testcases.LoginPageTest" time="51.983" errors="0" timestamp="2023-02-22T13:36:22 IST" skipped="0">
  <testcase classname="com.facebook.qa.testcases.LoginPageTest" name="loginTest" time="14.105"/>
  <system-out/>
  <testcase classname="com.facebook.qa.testcases.LoginPageTest" name="facebooklogo" time="9.869"/>
  <system-out/>
  <testcase classname="com.facebook.qa.testcases.LoginPageTest" name="MultiUserLogin" time="12.083"/>
  <system-out/>
  <testcase classname="com.facebook.qa.testcases.LoginPageTest" name="MultiUserLogin" time="15.926"/>
  <system-out/>
</testsuite> <!-- com.facebook.qa.testcases.LoginPageTest -->
